2021-11-15 17:08:24 INFO     68841 Waiting for AMQP to get ready
2021-11-15 17:08:24 INFO     68841 [sref:1] New session started for 192.168.1.1:54321
2021-11-15 17:08:24 INFO     68841 Migrating old data [filters] from v0.10.9 to v0.10.9 by calling tagfilters_casting(data)
2021-11-15 17:08:24 INFO     68841 filter configuration loaded (default profile)
2021-11-15 17:08:24 INFO     68841 httpcc configuration loaded (default profile)
2021-11-15 17:08:24 INFO     68841 OnStart loading configuration default profile with username: 'jcliadmin'
2021-11-15 17:08:24 INFO     68841 Migrating old data [groups] from v0.10.9 to v0.10.9 by calling group_status(data)
2021-11-15 17:08:24 INFO     68841 Migrating old data [users] from v0.10.9 to v0.10.9 by calling user_status(data)
2021-11-15 17:08:24 INFO     68841 Migrating old data [users] from v0.10.9 to v0.10.9 by calling fix_users_and_smppccs_09rc23(data)
2021-11-15 17:08:24 INFO     68841 Migrating old data [users] from v0.10.9 to v0.10.9 by calling fix_users_09rc24(data)
2021-11-15 17:08:24 INFO     68841 Migrating old data [mtroutes] from v0.10.9 to v0.10.9 by calling tagfilters_casting(data)
2021-11-15 17:08:24 INFO     68841 Migrating old data [smppccs] from v0.10.9 to v0.10.9 by calling fix_users_and_smppccs_09rc23(data)
2021-11-15 17:08:24 INFO     68841 Migrating old data [filters] from v0.10.9 to v0.10.9 by calling tagfilters_casting(data)
2021-11-15 17:08:24 INFO     68841 mtrouter configuration loaded.
2021-11-15 17:08:24 INFO     68841 filter configuration loaded.
2021-11-15 17:08:24 INFO     68841 httpcc configuration loaded.
2021-11-15 17:08:24 INFO     68841 morouter configuration loaded.
2021-11-15 17:08:24 INFO     68841 smppcc configuration loaded.
2021-11-15 17:08:24 INFO     68841 group configuration loaded.
2021-11-15 17:08:25 INFO     68841 user configuration loaded.
2021-11-15 17:08:25 INFO     68841 [sref:1] Session stopped.
2021-11-15 17:11:21 INFO     68841 [sref:2] New session started for 127.0.0.1:52756
2021-11-15 17:11:21 INFO     68841 Migrating old data [filters] from v0.10.9 to v0.10.9 by calling tagfilters_casting(data)
2021-11-15 17:11:21 INFO     68841 filter configuration loaded (default profile)
2021-11-15 17:11:21 INFO     68841 httpcc configuration loaded (default profile)
2021-11-15 17:11:21 INFO     68841 [sref:2] Session stopped (Connection was closed cleanly.).
2021-11-15 17:12:22 INFO     68841 [sref:3] New session started for 127.0.0.1:52838
2021-11-15 17:12:22 INFO     68841 Migrating old data [filters] from v0.10.9 to v0.10.9 by calling tagfilters_casting(data)
2021-11-15 17:12:22 INFO     68841 filter configuration loaded (default profile)
2021-11-15 17:12:22 INFO     68841 httpcc configuration loaded (default profile)
2021-11-15 17:12:22 INFO     68841 [sref:3] Session stopped (Connection was closed cleanly.).
2021-11-15 17:12:27 INFO     68841 [sref:4] New session started for 127.0.0.1:52846
2021-11-15 17:12:27 INFO     68841 Migrating old data [filters] from v0.10.9 to v0.10.9 by calling tagfilters_casting(data)
2021-11-15 17:12:27 INFO     68841 filter configuration loaded (default profile)
2021-11-15 17:12:27 INFO     68841 httpcc configuration loaded (default profile)
2021-11-15 17:12:28 INFO     68841 [sref:4] Session stopped (Connection was closed cleanly.).
2021-11-15 17:12:29 INFO     68841 [sref:5] New session started for 127.0.0.1:52852
2021-11-15 17:12:29 INFO     68841 Migrating old data [filters] from v0.10.9 to v0.10.9 by calling tagfilters_casting(data)
2021-11-15 17:12:29 INFO     68841 filter configuration loaded (default profile)
2021-11-15 17:12:29 INFO     68841 httpcc configuration loaded (default profile)
2021-11-15 17:12:29 INFO     68841 [sref:5] Session stopped (Connection was closed cleanly.).
2021-11-15 17:12:31 INFO     68841 [sref:6] New session started for 127.0.0.1:52864
2021-11-15 17:12:31 INFO     68841 Migrating old data [filters] from v0.10.9 to v0.10.9 by calling tagfilters_casting(data)
2021-11-15 17:12:31 INFO     68841 filter configuration loaded (default profile)
2021-11-15 17:12:31 INFO     68841 httpcc configuration loaded (default profile)
2021-11-15 17:12:31 INFO     68841 [sref:7] New session started for 127.0.0.1:52866
2021-11-15 17:12:31 INFO     68841 Migrating old data [filters] from v0.10.9 to v0.10.9 by calling tagfilters_casting(data)
2021-11-15 17:12:31 INFO     68841 filter configuration loaded (default profile)
2021-11-15 17:12:31 INFO     68841 httpcc configuration loaded (default profile)
2021-11-15 17:12:31 INFO     68841 [sref:7] Session stopped (Connection was closed cleanly.).
2021-11-15 17:12:32 INFO     68841 [sref:6] Session stopped (Connection was closed cleanly.).
2021-11-15 17:13:34 INFO     68841 [sref:8] New session started for 127.0.0.1:52938
2021-11-15 17:13:34 INFO     68841 Migrating old data [filters] from v0.10.9 to v0.10.9 by calling tagfilters_casting(data)
2021-11-15 17:13:34 INFO     68841 filter configuration loaded (default profile)
2021-11-15 17:13:34 INFO     68841 httpcc configuration loaded (default profile)
2021-11-15 17:13:34 INFO     68841 [sref:8] Session stopped (Connection was closed cleanly.).
2021-11-15 17:14:27 INFO     68841 [sref:9] New session started for 127.0.0.1:53014
2021-11-15 17:14:27 INFO     68841 Migrating old data [filters] from v0.10.9 to v0.10.9 by calling tagfilters_casting(data)
2021-11-15 17:14:27 INFO     68841 filter configuration loaded (default profile)
2021-11-15 17:14:27 INFO     68841 httpcc configuration loaded (default profile)
2021-11-15 17:14:27 INFO     68841 [sref:10] New session started for 127.0.0.1:53016
2021-11-15 17:14:27 INFO     68841 Migrating old data [filters] from v0.10.9 to v0.10.9 by calling tagfilters_casting(data)
2021-11-15 17:14:27 INFO     68841 filter configuration loaded (default profile)
2021-11-15 17:14:27 INFO     68841 httpcc configuration loaded (default profile)
2021-11-15 17:14:27 INFO     68841 [sref:11] New session started for 127.0.0.1:53018
2021-11-15 17:14:27 INFO     68841 Migrating old data [filters] from v0.10.9 to v0.10.9 by calling tagfilters_casting(data)
2021-11-15 17:14:27 INFO     68841 filter configuration loaded (default profile)
2021-11-15 17:14:27 INFO     68841 httpcc configuration loaded (default profile)
2021-11-15 17:14:28 INFO     68841 [sref:9] Session stopped (Connection was closed cleanly.).
2021-11-15 17:14:28 INFO     68841 [sref:10] Session stopped (Connection was closed cleanly.).
2021-11-15 17:14:28 INFO     68841 [sref:12] New session started for 127.0.0.1:53026
2021-11-15 17:14:28 INFO     68841 Migrating old data [filters] from v0.10.9 to v0.10.9 by calling tagfilters_casting(data)
2021-11-15 17:14:28 INFO     68841 filter configuration loaded (default profile)
2021-11-15 17:14:28 INFO     68841 httpcc configuration loaded (default profile)
2021-11-15 17:14:28 INFO     68841 [sref:12] Session stopped (Connection was closed cleanly.).
2021-11-15 17:14:28 INFO     68841 [sref:11] Session stopped (Connection was closed cleanly.).
2021-11-15 17:15:21 INFO     68841 [sref:13] New session started for 127.0.0.1:53104
2021-11-15 17:15:21 INFO     68841 Migrating old data [filters] from v0.10.9 to v0.10.9 by calling tagfilters_casting(data)
2021-11-15 17:15:21 INFO     68841 filter configuration loaded (default profile)
2021-11-15 17:15:21 INFO     68841 httpcc configuration loaded (default profile)
2021-11-15 17:15:21 INFO     68841 [sref:14] New session started for 127.0.0.1:53106
2021-11-15 17:15:21 INFO     68841 Migrating old data [filters] from v0.10.9 to v0.10.9 by calling tagfilters_casting(data)
2021-11-15 17:15:21 INFO     68841 filter configuration loaded (default profile)
2021-11-15 17:15:21 INFO     68841 httpcc configuration loaded (default profile)
2021-11-15 17:15:21 INFO     68841 [sref:15] New session started for 127.0.0.1:53108
2021-11-15 17:15:21 INFO     68841 Migrating old data [filters] from v0.10.9 to v0.10.9 by calling tagfilters_casting(data)
2021-11-15 17:15:21 INFO     68841 filter configuration loaded (default profile)
2021-11-15 17:15:21 INFO     68841 httpcc configuration loaded (default profile)
2021-11-15 17:15:21 INFO     68841 [sref:16] New session started for 127.0.0.1:53112
2021-11-15 17:15:21 INFO     68841 Migrating old data [filters] from v0.10.9 to v0.10.9 by calling tagfilters_casting(data)
2021-11-15 17:15:21 INFO     68841 filter configuration loaded (default profile)
2021-11-15 17:15:21 INFO     68841 httpcc configuration loaded (default profile)
2021-11-15 17:15:21 INFO     68841 [sref:14] Session stopped (Connection was closed cleanly.).
2021-11-15 17:15:21 INFO     68841 [sref:16] Session stopped (Connection was closed cleanly.).
2021-11-15 17:15:21 INFO     68841 [sref:15] Session stopped (Connection was closed cleanly.).
2021-11-15 17:15:22 INFO     68841 [sref:17] New session started for 127.0.0.1:53122
2021-11-15 17:15:22 INFO     68841 Migrating old data [filters] from v0.10.9 to v0.10.9 by calling tagfilters_casting(data)
2021-11-15 17:15:22 INFO     68841 filter configuration loaded (default profile)
2021-11-15 17:15:22 INFO     68841 httpcc configuration loaded (default profile)
2021-11-15 17:15:22 INFO     68841 [sref:17] Session stopped (Connection was closed cleanly.).
2021-11-15 17:15:22 INFO     68841 [sref:13] Session stopped (Connection was closed cleanly.).
2021-11-15 17:17:24 INFO     68841 [sref:18] New session started for 127.0.0.1:53268
2021-11-15 17:17:24 INFO     68841 Migrating old data [filters] from v0.10.9 to v0.10.9 by calling tagfilters_casting(data)
2021-11-15 17:17:24 INFO     68841 filter configuration loaded (default profile)
2021-11-15 17:17:24 INFO     68841 httpcc configuration loaded (default profile)
2021-11-15 17:17:24 INFO     68841 [sref:19] New session started for 127.0.0.1:53270
2021-11-15 17:17:24 INFO     68841 Migrating old data [filters] from v0.10.9 to v0.10.9 by calling tagfilters_casting(data)
2021-11-15 17:17:24 INFO     68841 filter configuration loaded (default profile)
2021-11-15 17:17:24 INFO     68841 httpcc configuration loaded (default profile)
2021-11-15 17:17:24 INFO     68841 [sref:20] New session started for 127.0.0.1:53272
2021-11-15 17:17:24 INFO     68841 Migrating old data [filters] from v0.10.9 to v0.10.9 by calling tagfilters_casting(data)
2021-11-15 17:17:24 INFO     68841 filter configuration loaded (default profile)
2021-11-15 17:17:24 INFO     68841 httpcc configuration loaded (default profile)
2021-11-15 17:17:24 INFO     68841 [sref:19] Session stopped (Connection was closed cleanly.).
2021-11-15 17:17:24 INFO     68841 [sref:20] Session stopped (Connection was closed cleanly.).
2021-11-15 17:17:24 INFO     68841 [sref:21] New session started for 127.0.0.1:53282
2021-11-15 17:17:24 INFO     68841 Migrating old data [filters] from v0.10.9 to v0.10.9 by calling tagfilters_casting(data)
2021-11-15 17:17:24 INFO     68841 filter configuration loaded (default profile)
2021-11-15 17:17:24 INFO     68841 httpcc configuration loaded (default profile)
2021-11-15 17:17:24 INFO     68841 [sref:21] Session stopped (Connection was closed cleanly.).
2021-11-15 17:17:24 INFO     68841 [sref:18] Session stopped (Connection was closed cleanly.).
