2021-11-08 12:59:34 ERROR    17105 SMPPC [cid:GTS-CONNECTOR] is not bound: Requeuing (#1) SubmitSmPDU[06ee2ba7-62cc-4713-b9cc-72a18054796a] with delay 30 seconds, aged 0:00:00.005773 seconds.
2021-11-08 13:00:04 ERROR    17105 SMPPC [cid:GTS-CONNECTOR] is not bound: Requeuing (#2) SubmitSmPDU[06ee2ba7-62cc-4713-b9cc-72a18054796a] with delay 30 seconds, aged 0:00:30.012673 seconds.
2021-11-08 13:00:34 ERROR    17105 SMPPC [cid:GTS-CONNECTOR] is not bound: Requeuing (#3) SubmitSmPDU[06ee2ba7-62cc-4713-b9cc-72a18054796a] with delay 30 seconds, aged 0:01:00.020626 seconds.
2021-11-08 13:01:04 ERROR    17105 SMPPC [cid:GTS-CONNECTOR] is not bound: Requeuing (#4) SubmitSmPDU[06ee2ba7-62cc-4713-b9cc-72a18054796a] with delay 30 seconds, aged 0:01:30.030258 seconds.
2021-11-08 13:01:34 ERROR    17105 SMPPC [cid:GTS-CONNECTOR] is not bound: Requeuing (#5) SubmitSmPDU[06ee2ba7-62cc-4713-b9cc-72a18054796a] with delay 30 seconds, aged 0:02:00.033805 seconds.
2021-11-08 13:02:04 ERROR    17105 SMPPC [cid:GTS-CONNECTOR] is not bound: Requeuing (#6) SubmitSmPDU[06ee2ba7-62cc-4713-b9cc-72a18054796a] with delay 30 seconds, aged 0:02:30.042879 seconds.
2021-11-08 13:02:34 ERROR    17105 SMPPC [cid:GTS-CONNECTOR] is not bound: Requeuing (#7) SubmitSmPDU[06ee2ba7-62cc-4713-b9cc-72a18054796a] with delay 30 seconds, aged 0:03:00.051394 seconds.
2021-11-08 13:03:04 ERROR    17105 SMPPC [cid:GTS-CONNECTOR] is not bound: Requeuing (#8) SubmitSmPDU[06ee2ba7-62cc-4713-b9cc-72a18054796a] with delay 30 seconds, aged 0:03:30.061290 seconds.
2021-11-08 13:03:34 ERROR    17105 SMPPC [cid:GTS-CONNECTOR] is not bound: Requeuing (#9) SubmitSmPDU[06ee2ba7-62cc-4713-b9cc-72a18054796a] with delay 30 seconds, aged 0:04:00.069579 seconds.
2021-11-08 13:04:04 ERROR    17105 SMPPC [cid:GTS-CONNECTOR] is not bound: Requeuing (#10) SubmitSmPDU[06ee2ba7-62cc-4713-b9cc-72a18054796a] with delay 30 seconds, aged 0:04:30.080219 seconds.
2021-11-08 13:04:34 ERROR    17105 SMPPC [cid:GTS-CONNECTOR] is not bound: Requeuing (#11) SubmitSmPDU[06ee2ba7-62cc-4713-b9cc-72a18054796a] with delay 30 seconds, aged 0:05:00.083212 seconds.
2021-11-08 13:05:04 ERROR    17105 SMPPC [cid:GTS-CONNECTOR] is not bound: Requeuing (#12) SubmitSmPDU[06ee2ba7-62cc-4713-b9cc-72a18054796a] with delay 30 seconds, aged 0:05:30.092203 seconds.
2021-11-08 13:05:34 ERROR    17105 SMPPC [cid:GTS-CONNECTOR] is not bound: Requeuing (#13) SubmitSmPDU[06ee2ba7-62cc-4713-b9cc-72a18054796a] with delay 30 seconds, aged 0:06:00.101094 seconds.
2021-11-08 13:06:04 ERROR    17105 SMPPC [cid:GTS-CONNECTOR] is not bound: Requeuing (#14) SubmitSmPDU[06ee2ba7-62cc-4713-b9cc-72a18054796a] with delay 30 seconds, aged 0:06:30.110137 seconds.
2021-11-08 13:06:34 ERROR    17105 SMPPC [cid:GTS-CONNECTOR] is not bound: Requeuing (#15) SubmitSmPDU[06ee2ba7-62cc-4713-b9cc-72a18054796a] with delay 30 seconds, aged 0:07:00.122550 seconds.
2021-11-08 13:07:04 ERROR    17105 SMPPC [cid:GTS-CONNECTOR] is not bound: Requeuing (#16) SubmitSmPDU[06ee2ba7-62cc-4713-b9cc-72a18054796a] with delay 30 seconds, aged 0:07:30.126679 seconds.
2021-11-08 13:07:34 ERROR    17105 SMPPC [cid:GTS-CONNECTOR] is not bound: Requeuing (#17) SubmitSmPDU[06ee2ba7-62cc-4713-b9cc-72a18054796a] with delay 30 seconds, aged 0:08:00.133552 seconds.
2021-11-08 13:08:04 ERROR    17105 SMPPC [cid:GTS-CONNECTOR] is not bound: Requeuing (#18) SubmitSmPDU[06ee2ba7-62cc-4713-b9cc-72a18054796a] with delay 30 seconds, aged 0:08:30.143723 seconds.
2021-11-08 13:08:34 ERROR    17105 SMPPC [cid:GTS-CONNECTOR] is not bound: Requeuing (#19) SubmitSmPDU[06ee2ba7-62cc-4713-b9cc-72a18054796a] with delay 30 seconds, aged 0:09:00.153070 seconds.
2021-11-08 13:09:04 ERROR    17105 SMPPC [cid:GTS-CONNECTOR] is not bound: Requeuing (#20) SubmitSmPDU[06ee2ba7-62cc-4713-b9cc-72a18054796a] with delay 30 seconds, aged 0:09:30.206149 seconds.
2021-11-08 13:09:34 ERROR    17105 SMPPC [cid:GTS-CONNECTOR] is not bound: Requeuing (#21) SubmitSmPDU[06ee2ba7-62cc-4713-b9cc-72a18054796a] with delay 30 seconds, aged 0:10:00.213919 seconds.
2021-11-08 13:10:04 ERROR    17105 SMPPC [cid:GTS-CONNECTOR] is not bound: Requeuing (#22) SubmitSmPDU[06ee2ba7-62cc-4713-b9cc-72a18054796a] with delay 30 seconds, aged 0:10:30.217813 seconds.
2021-11-08 13:10:34 ERROR    17105 SMPPC [cid:GTS-CONNECTOR] is not bound: Requeuing (#23) SubmitSmPDU[06ee2ba7-62cc-4713-b9cc-72a18054796a] with delay 30 seconds, aged 0:11:00.224950 seconds.
2021-11-08 13:11:04 ERROR    17105 SMPPC [cid:GTS-CONNECTOR] is not bound: Requeuing (#24) SubmitSmPDU[06ee2ba7-62cc-4713-b9cc-72a18054796a] with delay 30 seconds, aged 0:11:30.228328 seconds.
2021-11-08 13:11:35 ERROR    17105 SMPPC [cid:GTS-CONNECTOR] is not bound: Requeuing (#25) SubmitSmPDU[06ee2ba7-62cc-4713-b9cc-72a18054796a] with delay 30 seconds, aged 0:12:00.236667 seconds.
2021-11-08 13:12:05 ERROR    17105 SMPPC [cid:GTS-CONNECTOR] is not bound: Requeuing (#26) SubmitSmPDU[06ee2ba7-62cc-4713-b9cc-72a18054796a] with delay 30 seconds, aged 0:12:30.240376 seconds.
2021-11-08 13:12:35 ERROR    17105 SMPPC [cid:GTS-CONNECTOR] is not bound: Requeuing (#27) SubmitSmPDU[06ee2ba7-62cc-4713-b9cc-72a18054796a] with delay 30 seconds, aged 0:13:00.244154 seconds.
2021-11-08 13:13:05 ERROR    17105 SMPPC [cid:GTS-CONNECTOR] is not bound: Requeuing (#28) SubmitSmPDU[06ee2ba7-62cc-4713-b9cc-72a18054796a] with delay 30 seconds, aged 0:13:30.250826 seconds.
2021-11-08 13:13:35 ERROR    17105 SMPPC [cid:GTS-CONNECTOR] is not bound: Requeuing (#29) SubmitSmPDU[06ee2ba7-62cc-4713-b9cc-72a18054796a] with delay 30 seconds, aged 0:14:00.260214 seconds.
2021-11-08 13:14:05 ERROR    17105 SMPPC [cid:GTS-CONNECTOR] is not bound: Requeuing (#30) SubmitSmPDU[06ee2ba7-62cc-4713-b9cc-72a18054796a] with delay 30 seconds, aged 0:14:30.268450 seconds.
2021-11-08 13:14:35 ERROR    17105 SMPPC [cid:GTS-CONNECTOR] is not bound: Requeuing (#31) SubmitSmPDU[06ee2ba7-62cc-4713-b9cc-72a18054796a] with delay 30 seconds, aged 0:15:00.276905 seconds.
2021-11-08 13:15:05 ERROR    17105 SMPPC [cid:GTS-CONNECTOR] is not bound: Requeuing (#32) SubmitSmPDU[06ee2ba7-62cc-4713-b9cc-72a18054796a] with delay 30 seconds, aged 0:15:30.281048 seconds.
2021-11-08 13:15:35 ERROR    17105 SMPPC [cid:GTS-CONNECTOR] is not bound: Requeuing (#33) SubmitSmPDU[06ee2ba7-62cc-4713-b9cc-72a18054796a] with delay 30 seconds, aged 0:16:00.288383 seconds.
2021-11-08 13:16:05 ERROR    17105 SMPPC [cid:GTS-CONNECTOR] is not bound: Requeuing (#34) SubmitSmPDU[06ee2ba7-62cc-4713-b9cc-72a18054796a] with delay 30 seconds, aged 0:16:30.297509 seconds.
2021-11-08 13:16:35 ERROR    17105 SMPPC [cid:GTS-CONNECTOR] is not bound: Requeuing (#35) SubmitSmPDU[06ee2ba7-62cc-4713-b9cc-72a18054796a] with delay 30 seconds, aged 0:17:00.303454 seconds.
2021-11-08 13:17:05 ERROR    17105 SMPPC [cid:GTS-CONNECTOR] is not bound: Requeuing (#36) SubmitSmPDU[06ee2ba7-62cc-4713-b9cc-72a18054796a] with delay 30 seconds, aged 0:17:30.306585 seconds.
2021-11-08 13:17:35 ERROR    17105 SMPPC [cid:GTS-CONNECTOR] is not bound: Requeuing (#37) SubmitSmPDU[06ee2ba7-62cc-4713-b9cc-72a18054796a] with delay 30 seconds, aged 0:18:00.309746 seconds.
2021-11-08 13:18:05 ERROR    17105 SMPPC [cid:GTS-CONNECTOR] is not bound: Requeuing (#38) SubmitSmPDU[06ee2ba7-62cc-4713-b9cc-72a18054796a] with delay 30 seconds, aged 0:18:30.320300 seconds.
2021-11-08 13:18:35 ERROR    17105 SMPPC [cid:GTS-CONNECTOR] is not bound: Requeuing (#39) SubmitSmPDU[06ee2ba7-62cc-4713-b9cc-72a18054796a] with delay 30 seconds, aged 0:19:00.330244 seconds.
2021-11-08 13:19:05 ERROR    17105 SMPPC [cid:GTS-CONNECTOR] is not bound: Requeuing (#40) SubmitSmPDU[06ee2ba7-62cc-4713-b9cc-72a18054796a] with delay 30 seconds, aged 0:19:30.340103 seconds.
2021-11-08 13:19:35 ERROR    17105 SMPPC [cid:GTS-CONNECTOR] is not bound: Requeuing (#41) SubmitSmPDU[06ee2ba7-62cc-4713-b9cc-72a18054796a] with delay 30 seconds, aged 0:20:00.348686 seconds.
2021-11-08 13:20:05 ERROR    17105 SMPPC [cid:GTS-CONNECTOR] is not bound: Discarding (#42) SubmitSmPDU[06ee2ba7-62cc-4713-b9cc-72a18054796a], over-aged 1230 seconds.
2021-11-08 14:56:33 ERROR    17105 SubmitSmPDU[2ca7da4c-b4d8-4eeb-a745-4a2bb4b98625] request timed out through [cid:GTS-CONNECTOR], message requeued.
2021-11-08 14:58:33 ERROR    17105 SMPPC [cid:GTS-CONNECTOR] is not bound: Requeuing (#2) SubmitSmPDU[2ca7da4c-b4d8-4eeb-a745-4a2bb4b98625] with delay 30 seconds, aged 0:04:00.014006 seconds.
2021-11-08 14:59:03 ERROR    17105 SMPPC [cid:GTS-CONNECTOR] is not bound: Requeuing (#3) SubmitSmPDU[2ca7da4c-b4d8-4eeb-a745-4a2bb4b98625] with delay 30 seconds, aged 0:04:30.021905 seconds.
2021-11-08 14:59:33 ERROR    17105 SMPPC [cid:GTS-CONNECTOR] is not bound: Requeuing (#4) SubmitSmPDU[2ca7da4c-b4d8-4eeb-a745-4a2bb4b98625] with delay 30 seconds, aged 0:05:00.027128 seconds.
2021-11-08 15:00:03 ERROR    17105 SMPPC [cid:GTS-CONNECTOR] is not bound: Requeuing (#5) SubmitSmPDU[2ca7da4c-b4d8-4eeb-a745-4a2bb4b98625] with delay 30 seconds, aged 0:05:30.034145 seconds.
2021-11-08 15:00:33 ERROR    17105 SMPPC [cid:GTS-CONNECTOR] is not bound: Requeuing (#6) SubmitSmPDU[2ca7da4c-b4d8-4eeb-a745-4a2bb4b98625] with delay 30 seconds, aged 0:06:00.042904 seconds.
2021-11-08 15:01:03 ERROR    17105 SMPPC [cid:GTS-CONNECTOR] is not bound: Requeuing (#7) SubmitSmPDU[2ca7da4c-b4d8-4eeb-a745-4a2bb4b98625] with delay 30 seconds, aged 0:06:30.052835 seconds.
2021-11-08 15:01:33 ERROR    17105 SMPPC [cid:GTS-CONNECTOR] is not bound: Requeuing (#8) SubmitSmPDU[2ca7da4c-b4d8-4eeb-a745-4a2bb4b98625] with delay 30 seconds, aged 0:07:00.059544 seconds.
2021-11-08 15:02:03 ERROR    17105 SMPPC [cid:GTS-CONNECTOR] is not bound: Requeuing (#9) SubmitSmPDU[2ca7da4c-b4d8-4eeb-a745-4a2bb4b98625] with delay 30 seconds, aged 0:07:30.064900 seconds.
2021-11-08 15:02:33 ERROR    17105 SMPPC [cid:GTS-CONNECTOR] is not bound: Requeuing (#10) SubmitSmPDU[2ca7da4c-b4d8-4eeb-a745-4a2bb4b98625] with delay 30 seconds, aged 0:08:00.067921 seconds.
2021-11-08 15:03:03 ERROR    17105 SMPPC [cid:GTS-CONNECTOR] is not bound: Requeuing (#11) SubmitSmPDU[2ca7da4c-b4d8-4eeb-a745-4a2bb4b98625] with delay 30 seconds, aged 0:08:30.073697 seconds.
2021-11-08 15:03:33 ERROR    17105 SMPPC [cid:GTS-CONNECTOR] is not bound: Requeuing (#12) SubmitSmPDU[2ca7da4c-b4d8-4eeb-a745-4a2bb4b98625] with delay 30 seconds, aged 0:09:00.081475 seconds.
2021-11-08 15:04:03 ERROR    17105 SMPPC [cid:GTS-CONNECTOR] is not bound: Requeuing (#13) SubmitSmPDU[2ca7da4c-b4d8-4eeb-a745-4a2bb4b98625] with delay 30 seconds, aged 0:09:30.088574 seconds.
2021-11-08 15:04:33 ERROR    17105 SMPPC [cid:GTS-CONNECTOR] is not bound: Requeuing (#14) SubmitSmPDU[2ca7da4c-b4d8-4eeb-a745-4a2bb4b98625] with delay 30 seconds, aged 0:10:00.094984 seconds.
2021-11-08 15:05:03 ERROR    17105 SMPPC [cid:GTS-CONNECTOR] is not bound: Requeuing (#15) SubmitSmPDU[2ca7da4c-b4d8-4eeb-a745-4a2bb4b98625] with delay 30 seconds, aged 0:10:30.102807 seconds.
2021-11-08 15:05:33 ERROR    17105 SMPPC [cid:GTS-CONNECTOR] is not bound: Requeuing (#16) SubmitSmPDU[2ca7da4c-b4d8-4eeb-a745-4a2bb4b98625] with delay 30 seconds, aged 0:11:00.114564 seconds.
2021-11-08 15:06:03 ERROR    17105 SMPPC [cid:GTS-CONNECTOR] is not bound: Requeuing (#17) SubmitSmPDU[2ca7da4c-b4d8-4eeb-a745-4a2bb4b98625] with delay 30 seconds, aged 0:11:30.118513 seconds.
2021-11-08 15:06:33 ERROR    17105 SMPPC [cid:GTS-CONNECTOR] is not bound: Requeuing (#18) SubmitSmPDU[2ca7da4c-b4d8-4eeb-a745-4a2bb4b98625] with delay 30 seconds, aged 0:12:00.121955 seconds.
2021-11-08 15:07:03 ERROR    17105 SMPPC [cid:GTS-CONNECTOR] is not bound: Requeuing (#19) SubmitSmPDU[2ca7da4c-b4d8-4eeb-a745-4a2bb4b98625] with delay 30 seconds, aged 0:12:30.129493 seconds.
2021-11-08 15:07:33 ERROR    17105 SMPPC [cid:GTS-CONNECTOR] is not bound: Requeuing (#20) SubmitSmPDU[2ca7da4c-b4d8-4eeb-a745-4a2bb4b98625] with delay 30 seconds, aged 0:13:00.137229 seconds.
2021-11-08 15:08:03 ERROR    17105 SMPPC [cid:GTS-CONNECTOR] is not bound: Requeuing (#21) SubmitSmPDU[2ca7da4c-b4d8-4eeb-a745-4a2bb4b98625] with delay 30 seconds, aged 0:13:30.147116 seconds.
2021-11-08 15:08:33 ERROR    17105 SMPPC [cid:GTS-CONNECTOR] is not bound: Requeuing (#22) SubmitSmPDU[2ca7da4c-b4d8-4eeb-a745-4a2bb4b98625] with delay 30 seconds, aged 0:14:00.154734 seconds.
2021-11-08 15:09:03 ERROR    17105 SMPPC [cid:GTS-CONNECTOR] is not bound: Requeuing (#23) SubmitSmPDU[2ca7da4c-b4d8-4eeb-a745-4a2bb4b98625] with delay 30 seconds, aged 0:14:30.164040 seconds.
2021-11-08 15:09:33 ERROR    17105 SMPPC [cid:GTS-CONNECTOR] is not bound: Requeuing (#24) SubmitSmPDU[2ca7da4c-b4d8-4eeb-a745-4a2bb4b98625] with delay 30 seconds, aged 0:15:00.173409 seconds.
2021-11-08 15:10:03 ERROR    17105 SMPPC [cid:GTS-CONNECTOR] is not bound: Requeuing (#25) SubmitSmPDU[2ca7da4c-b4d8-4eeb-a745-4a2bb4b98625] with delay 30 seconds, aged 0:15:30.182672 seconds.
2021-11-08 15:10:33 ERROR    17105 SMPPC [cid:GTS-CONNECTOR] is not bound: Requeuing (#26) SubmitSmPDU[2ca7da4c-b4d8-4eeb-a745-4a2bb4b98625] with delay 30 seconds, aged 0:16:00.185450 seconds.
2021-11-08 15:11:03 ERROR    17105 SMPPC [cid:GTS-CONNECTOR] is not bound: Requeuing (#27) SubmitSmPDU[2ca7da4c-b4d8-4eeb-a745-4a2bb4b98625] with delay 30 seconds, aged 0:16:30.193827 seconds.
2021-11-08 15:11:33 ERROR    17105 SMPPC [cid:GTS-CONNECTOR] is not bound: Requeuing (#28) SubmitSmPDU[2ca7da4c-b4d8-4eeb-a745-4a2bb4b98625] with delay 30 seconds, aged 0:17:00.201829 seconds.
2021-11-08 15:12:03 ERROR    17105 SMPPC [cid:GTS-CONNECTOR] is not bound: Requeuing (#29) SubmitSmPDU[2ca7da4c-b4d8-4eeb-a745-4a2bb4b98625] with delay 30 seconds, aged 0:17:30.209598 seconds.
2021-11-08 15:12:33 ERROR    17105 SMPPC [cid:GTS-CONNECTOR] is not bound: Requeuing (#30) SubmitSmPDU[2ca7da4c-b4d8-4eeb-a745-4a2bb4b98625] with delay 30 seconds, aged 0:18:00.218164 seconds.
2021-11-08 15:13:03 ERROR    17105 SMPPC [cid:GTS-CONNECTOR] is not bound: Requeuing (#31) SubmitSmPDU[2ca7da4c-b4d8-4eeb-a745-4a2bb4b98625] with delay 30 seconds, aged 0:18:30.227033 seconds.
2021-11-08 15:13:33 ERROR    17105 SMPPC [cid:GTS-CONNECTOR] is not bound: Requeuing (#32) SubmitSmPDU[2ca7da4c-b4d8-4eeb-a745-4a2bb4b98625] with delay 30 seconds, aged 0:19:00.235513 seconds.
2021-11-08 15:14:03 ERROR    17105 SMPPC [cid:GTS-CONNECTOR] is not bound: Requeuing (#33) SubmitSmPDU[2ca7da4c-b4d8-4eeb-a745-4a2bb4b98625] with delay 30 seconds, aged 0:19:30.241946 seconds.
2021-11-08 15:14:33 ERROR    17105 SMPPC [cid:GTS-CONNECTOR] is not bound: Requeuing (#34) SubmitSmPDU[2ca7da4c-b4d8-4eeb-a745-4a2bb4b98625] with delay 30 seconds, aged 0:20:00.245519 seconds.
2021-11-08 15:15:03 ERROR    17105 SMPPC [cid:GTS-CONNECTOR] is not bound: Discarding (#35) SubmitSmPDU[2ca7da4c-b4d8-4eeb-a745-4a2bb4b98625], over-aged 1230 seconds.
2021-11-08 18:22:31 INFO     17105 SMS-MT [cid:GTS-POC] [queue-msgid:f8eb51f9-ff55-422a-a08d-35ebc0a03482] [smpp-msgid:b'9e719dfc-58b2-4160-af3f-77810d3f9958'] [status:CommandStatus.ESME_ROK] [prio:0] [dlr:RegisteredDeliveryReceipt.SMSC_DELIVERY_RECEIPT_REQUESTED] [validity:none] [from:None] [to:b'918882445465'] [content:b'Hello from Rohit Rest Client']
2021-11-08 18:25:33 INFO     17105 SMS-MT [cid:GTS-POC] [queue-msgid:07dd6f7b-559a-421c-8b40-dc2723d9e154] [smpp-msgid:b'de5ac799-f5b8-4a74-ad7e-751249f67702'] [status:CommandStatus.ESME_ROK] [prio:0] [dlr:RegisteredDeliveryReceipt.SMSC_DELIVERY_RECEIPT_REQUESTED] [validity:none] [from:None] [to:b'918882445465'] [content:b'Hello from Rohit Rest Client']
2021-11-08 18:31:13 INFO     17105 SMS-MT [cid:GTS-POC] [queue-msgid:37b23b09-1eb7-4c53-92fa-67c8833892c0] [smpp-msgid:b'6c0e68e3-35f4-424c-83da-c1f7d417047f'] [status:CommandStatus.ESME_ROK] [prio:0] [dlr:RegisteredDeliveryReceipt.SMSC_DELIVERY_RECEIPT_REQUESTED] [validity:none] [from:None] [to:b'918882445465'] [content:b'Hello from Rohit Rest Client']
2021-11-08 19:03:19 INFO     17105 SMS-MT [cid:GTS-POC] [queue-msgid:0e207556-3ac8-4daa-8568-21731db25a65] [smpp-msgid:b'e6729ceb-8d33-4c4d-b88c-84a8211db38d'] [status:CommandStatus.ESME_ROK] [prio:0] [dlr:RegisteredDeliveryReceipt.NO_SMSC_DELIVERY_RECEIPT_REQUESTED] [validity:none] [from:None] [to:b'918882445465'] [content:b'Hello from Rohit Rest Client']
2021-11-08 19:07:33 INFO     17105 SMS-MT [cid:GTS-POC] [queue-msgid:ba09b377-04eb-4092-97fc-54ff0793c85f] [smpp-msgid:b'5fc0b85c-acdf-402d-a952-70029775b2a4'] [status:CommandStatus.ESME_ROK] [prio:0] [dlr:RegisteredDeliveryReceipt.NO_SMSC_DELIVERY_RECEIPT_REQUESTED] [validity:none] [from:None] [to:b'918882445465'] [content:b'Hello from Rohit Rest Client']
